<?xml version="1.0" encoding="utf-8" standalone="no"?>
<!--This file represents the results of running a test suite-->
<test-results name="C:\Squirrel\TableAPI\TableAPIUnitTest\bin\Debug\TableAPIUnitTest.dll" total="1" errors="0" failures="0" not-run="0" inconclusive="0" ignored="0" skipped="0" invalid="0" date="2014-09-26" time="14:16:10">
  <environment nunit-version="2.6.3.13283" clr-version="2.0.50727.5477" os-version="Microsoft Windows NT 6.1.7601 Service Pack 1" platform="Win32NT" cwd="C:\Program Files (x86)\NUnit 2.6.3\bin" machine-name="MUKHSUDI3" user="mukhsudi" user-domain="ASIAPACIFIC" />
  <culture-info current-culture="en-US" current-uiculture="en-US" />
  <test-suite type="Assembly" name="C:\Squirrel\TableAPI\TableAPIUnitTest\bin\Debug\TableAPIUnitTest.dll" executed="True" result="Success" success="True" time="0.170" asserts="0">
    <results>
      <test-suite type="Namespace" name="SquirrelUnitTest" executed="True" result="Success" success="True" time="0.170" asserts="0">
        <results>
          <test-suite type="TestFixture" name="TableAPITests" executed="True" result="Success" success="True" time="0.168" asserts="0">
            <results>
              <test-case name="SquirrelUnitTest.TableAPITests.Test_LoadHTML" executed="True" result="Success" success="True" time="0.167" asserts="0" />
            </results>
          </test-suite>
        </results>
      </test-suite>
    </results>
  </test-suite>
</test-results>